Determining if the pthread_create exist failed with the following output:
Change Dir: /home/csmajs/rnava020/lab-07-factory-pattern-aviato_lab7/CMakeFiles/CMakeTmp

Run Build Command(s):/usr/bin/gmake cmTC_63eac/fast 
/usr/bin/gmake -f CMakeFiles/cmTC_63eac.dir/build.make CMakeFiles/cmTC_63eac.dir/build
gmake[1]: Entering directory `/home/csmajs/rnava020/lab-07-factory-pattern-aviato_lab7/CMakeFiles/CMakeTmp'
Building C object CMakeFiles/cmTC_63eac.dir/CheckSymbolExists.c.o
/usr/bin/cc    -o CMakeFiles/cmTC_63eac.dir/CheckSymbolExists.c.o   -c /home/csmajs/rnava020/lab-07-factory-pattern-aviato_lab7/CMakeFiles/CMakeTmp/CheckSymbolExists.c
Linking C executable cmTC_63eac
/usr/bin/cmake3 -E cmake_link_script CMakeFiles/cmTC_63eac.dir/link.txt --verbose=1
/usr/bin/cc      -rdynamic CMakeFiles/cmTC_63eac.dir/CheckSymbolExists.c.o  -o cmTC_63eac 
CMakeFiles/cmTC_63eac.dir/CheckSymbolExists.c.o: In function `main':
CheckSymbolExists.c:(.text+0x16): undefined reference to `pthread_create'
collect2: error: ld returned 1 exit status
gmake[1]: *** [cmTC_63eac] Error 1
gmake[1]: Leaving directory `/home/csmajs/rnava020/lab-07-factory-pattern-aviato_lab7/CMakeFiles/CMakeTmp'
gmake: *** [cmTC_63eac/fast] Error 2

File /home/csmajs/rnava020/lab-07-factory-pattern-aviato_lab7/CMakeFiles/CMakeTmp/CheckSymbolExists.c:
/* */
#include <pthread.h>

int main(int argc, char** argv)
{
  (void)argv;
#ifndef pthread_create
  return ((int*)(&pthread_create))[argc];
#else
  (void)argc;
  return 0;
#endif
}

Determining if the function pthread_create exists in the pthreads failed with the following output:
Change Dir: /home/csmajs/rnava020/lab-07-factory-pattern-aviato_lab7/CMakeFiles/CMakeTmp

Run Build Command(s):/usr/bin/gmake cmTC_12005/fast 
/usr/bin/gmake -f CMakeFiles/cmTC_12005.dir/build.make CMakeFiles/cmTC_12005.dir/build
gmake[1]: Entering directory `/home/csmajs/rnava020/lab-07-factory-pattern-aviato_lab7/CMakeFiles/CMakeTmp'
Building C object CMakeFiles/cmTC_12005.dir/CheckFunctionExists.c.o
/usr/bin/cc   -DCHECK_FUNCTION_EXISTS=pthread_create   -o CMakeFiles/cmTC_12005.dir/CheckFunctionExists.c.o   -c /usr/share/cmake3/Modules/CheckFunctionExists.c
Linking C executable cmTC_12005
/usr/bin/cmake3 -E cmake_link_script CMakeFiles/cmTC_12005.dir/link.txt --verbose=1
/usr/bin/cc  -DCHECK_FUNCTION_EXISTS=pthread_create    -rdynamic CMakeFiles/cmTC_12005.dir/CheckFunctionExists.c.o  -o cmTC_12005 -lpthreads 
/usr/bin/ld: cannot find -lpthreads
collect2: error: ld returned 1 exit status
gmake[1]: *** [cmTC_12005] Error 1
gmake[1]: Leaving directory `/home/csmajs/rnava020/lab-07-factory-pattern-aviato_lab7/CMakeFiles/CMakeTmp'
gmake: *** [cmTC_12005/fast] Error 2


